<?xml version="1.0" encoding="UTF-8"?>
<!-- Generated by org.testng.reporters.JUnitXMLReporter -->
<testsuite ignored="0" hostname="MSI" failures="0" tests="3" name="Default test" time="9.883" errors="0" timestamp="2024-09-11T23:51:11 IST">
  <testcase classname="LoginPage" name="testSuccessfulLogin" time="3.053"/>
  <testcase classname="LoginPage" name="testSpecialCharacters" time="1.308"/>
  <testcase classname="LoginPage" name="testUnsuccessfulLogin" time="1.553"/>
</testsuite> <!-- Default test -->
