<?xml version="1.0" encoding="UTF-8"?>
<testng-results ignored="0" total="3" passed="3" failed="0" skipped="0">
  <reporter-output>
  </reporter-output>
  <suite started-at="2024-09-11T23:51:01 IST" name="Default suite" finished-at="2024-09-11T23:51:11 IST" duration-ms="9883">
    <groups>
    </groups>
    <test started-at="2024-09-11T23:51:01 IST" name="Default test" finished-at="2024-09-11T23:51:11 IST" duration-ms="9883">
      <class name="LoginPage">
        <test-method is-config="true" signature="setup()[pri:0, instance:LoginPage@5c6648b0]" started-at="2024-09-11T23:51:01 IST" name="setup" finished-at="2024-09-11T23:51:02 IST" duration-ms="1434" status="PASS">
          <reporter-output>
          </reporter-output>
        </test-method> <!-- setup -->
        <test-method signature="testSuccessfulLogin()[pri:1, instance:LoginPage@5c6648b0]" started-at="2024-09-11T23:51:02 IST" name="testSuccessfulLogin" finished-at="2024-09-11T23:51:05 IST" duration-ms="3053" status="PASS">
          <reporter-output>
          </reporter-output>
        </test-method> <!-- testSuccessfulLogin -->
        <test-method is-config="true" signature="teardown()[pri:0, instance:LoginPage@5c6648b0]" started-at="2024-09-11T23:51:05 IST" name="teardown" finished-at="2024-09-11T23:51:05 IST" duration-ms="166" status="PASS">
          <reporter-output>
          </reporter-output>
        </test-method> <!-- teardown -->
        <test-method is-config="true" signature="setup()[pri:0, instance:LoginPage@5c6648b0]" started-at="2024-09-11T23:51:05 IST" name="setup" finished-at="2024-09-11T23:51:06 IST" duration-ms="1011" status="PASS">
          <reporter-output>
          </reporter-output>
        </test-method> <!-- setup -->
        <test-method signature="testSpecialCharacters()[pri:2, instance:LoginPage@5c6648b0]" started-at="2024-09-11T23:51:06 IST" name="testSpecialCharacters" finished-at="2024-09-11T23:51:08 IST" duration-ms="1308" status="PASS">
          <reporter-output>
          </reporter-output>
        </test-method> <!-- testSpecialCharacters -->
        <test-method is-config="true" signature="teardown()[pri:0, instance:LoginPage@5c6648b0]" started-at="2024-09-11T23:51:08 IST" name="teardown" finished-at="2024-09-11T23:51:08 IST" duration-ms="114" status="PASS">
          <reporter-output>
          </reporter-output>
        </test-method> <!-- teardown -->
        <test-method is-config="true" signature="setup()[pri:0, instance:LoginPage@5c6648b0]" started-at="2024-09-11T23:51:08 IST" name="setup" finished-at="2024-09-11T23:51:09 IST" duration-ms="1067" status="PASS">
          <reporter-output>
          </reporter-output>
        </test-method> <!-- setup -->
        <test-method signature="testUnsuccessfulLogin()[pri:3, instance:LoginPage@5c6648b0]" started-at="2024-09-11T23:51:09 IST" name="testUnsuccessfulLogin" finished-at="2024-09-11T23:51:11 IST" duration-ms="1553" status="PASS">
          <reporter-output>
          </reporter-output>
        </test-method> <!-- testUnsuccessfulLogin -->
        <test-method is-config="true" signature="teardown()[pri:0, instance:LoginPage@5c6648b0]" started-at="2024-09-11T23:51:11 IST" name="teardown" finished-at="2024-09-11T23:51:11 IST" duration-ms="148" status="PASS">
          <reporter-output>
          </reporter-output>
        </test-method> <!-- teardown -->
      </class> <!-- LoginPage -->
    </test> <!-- Default test -->
  </suite> <!-- Default suite -->
</testng-results>
